[INFO][2015-05-31 21:25:17,245][org.jeecgframework.codegenerate.generate.CodeGenerate]----jeecg---Code----Generation----[单表模型:bill_detail]------- 生成中。。。
[INFO][2015-05-31 21:25:18,653][org.jeecgframework.codegenerate.generate.CodeGenerate]----jeecg----Code----Generation-----[单表模型：bill_detail]------ 生成完成。。。
[INFO][2015-05-31 21:39:33,225][org.jeecgframework.codegenerate.generate.CodeGenerate]----jeecg---Code----Generation----[单表模型:bill_detail]------- 生成中。。。
[INFO][2015-05-31 21:39:34,420][org.jeecgframework.codegenerate.generate.CodeGenerate]----jeecg----Code----Generation-----[单表模型：bill_detail]------ 生成完成。。。
[INFO][2015-05-31 21:41:54,841][org.jeecgframework.codegenerate.generate.CodeGenerate]----jeecg---Code----Generation----[单表模型:bill_detail]------- 生成中。。。
[INFO][2015-05-31 21:41:55,983][org.jeecgframework.codegenerate.generate.CodeGenerate]----jeecg----Code----Generation-----[单表模型：bill_detail]------ 生成完成。。。
[INFO][2015-05-31 21:43:53,296][org.jeecgframework.codegenerate.generate.CodeGenerate]----jeecg---Code----Generation----[单表模型:bill_detail]------- 生成中。。。
[INFO][2015-05-31 21:43:54,480][org.jeecgframework.codegenerate.generate.CodeGenerate]----jeecg----Code----Generation-----[单表模型：bill_detail]------ 生成完成。。。
[INFO][2015-05-31 21:44:02,940][org.jeecgframework.codegenerate.generate.CodeGenerate]----jeecg---Code----Generation----[单表模型:bill_detail]------- 生成中。。。
[INFO][2015-05-31 21:44:03,815][org.jeecgframework.codegenerate.generate.CodeGenerate]----jeecg----Code----Generation-----[单表模型：bill_detail]------ 生成完成。。。
[INFO][2015-05-31 21:47:00,951][org.jeecgframework.codegenerate.generate.CodeGenerate]----jeecg---Code----Generation----[单表模型:bill_detail]------- 生成中。。。
[INFO][2015-05-31 21:47:02,235][org.jeecgframework.codegenerate.generate.CodeGenerate]----jeecg----Code----Generation-----[单表模型：bill_detail]------ 生成完成。。。
[INFO][2015-06-01 18:13:08,555][org.jeecgframework.codegenerate.generate.CodeGenerate]----jeecg---Code----Generation----[单表模型:storage]------- 生成中。。。
[INFO][2015-06-01 18:13:09,916][org.jeecgframework.codegenerate.generate.CodeGenerate]----jeecg----Code----Generation-----[单表模型：storage]------ 生成完成。。。
[INFO][2015-06-01 18:14:00,348][org.jeecgframework.codegenerate.generate.CodeGenerate]----jeecg---Code----Generation----[单表模型:storage]------- 生成中。。。
[INFO][2015-06-01 18:14:01,132][org.jeecgframework.codegenerate.generate.CodeGenerate]----jeecg----Code----Generation-----[单表模型：storage]------ 生成完成。。。
[INFO][2015-06-01 18:20:16,063][org.jeecgframework.codegenerate.generate.CodeGenerate]----jeecg---Code----Generation----[单表模型:storage]------- 生成中。。。
[INFO][2015-06-01 18:20:17,399][org.jeecgframework.codegenerate.generate.CodeGenerate]----jeecg----Code----Generation-----[单表模型：storage]------ 生成完成。。。
[INFO][2015-06-01 18:21:07,243][org.jeecgframework.codegenerate.generate.CodeGenerate]----jeecg---Code----Generation----[单表模型:storage]------- 生成中。。。
[INFO][2015-06-01 18:21:08,017][org.jeecgframework.codegenerate.generate.CodeGenerate]----jeecg----Code----Generation-----[单表模型：storage]------ 生成完成。。。
[INFO][2015-06-01 18:34:59,096][org.jeecgframework.codegenerate.generate.CodeGenerate]----jeecg---Code----Generation----[单表模型:storage]------- 生成中。。。
[INFO][2015-06-01 18:35:00,473][org.jeecgframework.codegenerate.generate.CodeGenerate]----jeecg----Code----Generation-----[单表模型：storage]------ 生成完成。。。
[INFO][2015-06-01 18:37:15,150][org.jeecgframework.codegenerate.generate.CodeGenerate]----jeecg---Code----Generation----[单表模型:storage]------- 生成中。。。
[INFO][2015-06-01 18:37:16,526][org.jeecgframework.codegenerate.generate.CodeGenerate]----jeecg----Code----Generation-----[单表模型：storage]------ 生成完成。。。
[INFO][2015-06-01 19:04:09,188][org.jeecgframework.codegenerate.generate.CodeGenerate]----jeecg---Code----Generation----[单表模型:storage]------- 生成中。。。
[INFO][2015-06-01 19:04:10,620][org.jeecgframework.codegenerate.generate.CodeGenerate]----jeecg----Code----Generation-----[单表模型：storage]------ 生成完成。。。
[INFO][2015-06-01 19:07:22,460][org.jeecgframework.codegenerate.generate.CodeGenerate]----jeecg---Code----Generation----[单表模型:storage]------- 生成中。。。
[INFO][2015-06-01 19:07:23,830][org.jeecgframework.codegenerate.generate.CodeGenerate]----jeecg----Code----Generation-----[单表模型：storage]------ 生成完成。。。
[INFO][2015-06-01 19:15:31,057][org.jeecgframework.codegenerate.generate.CodeGenerate]----jeecg---Code----Generation----[单表模型:storage]------- 生成中。。。
[INFO][2015-06-01 19:15:32,408][org.jeecgframework.codegenerate.generate.CodeGenerate]----jeecg----Code----Generation-----[单表模型：storage]------ 生成完成。。。
[INFO][2015-06-01 19:33:39,638][org.jeecgframework.codegenerate.generate.CodeGenerate]----jeecg---Code----Generation----[单表模型:storage]------- 生成中。。。
[INFO][2015-06-01 19:33:40,929][org.jeecgframework.codegenerate.generate.CodeGenerate]----jeecg----Code----Generation-----[单表模型：storage]------ 生成完成。。。
[INFO][2015-06-01 20:41:39,006][org.jeecgframework.codegenerate.generate.CodeGenerate]----jeecg---Code----Generation----[单表模型:storage]------- 生成中。。。
[INFO][2015-06-01 20:41:40,541][org.jeecgframework.codegenerate.generate.CodeGenerate]----jeecg----Code----Generation-----[单表模型：storage]------ 生成完成。。。
[INFO][2015-06-01 20:48:59,343][org.jeecgframework.codegenerate.generate.CodeGenerate]----jeecg---Code----Generation----[单表模型:terminal]------- 生成中。。。
[INFO][2015-06-01 20:49:01,064][org.jeecgframework.codegenerate.generate.CodeGenerate]----jeecg----Code----Generation-----[单表模型：terminal]------ 生成完成。。。
[INFO][2015-06-01 21:01:23,805][org.jeecgframework.codegenerate.generate.CodeGenerate]----jeecg---Code----Generation----[单表模型:terminal]------- 生成中。。。
[INFO][2015-06-01 21:01:25,131][org.jeecgframework.codegenerate.generate.CodeGenerate]----jeecg----Code----Generation-----[单表模型：terminal]------ 生成完成。。。
[INFO][2015-06-01 21:02:22,287][org.jeecgframework.codegenerate.generate.CodeGenerate]----jeecg---Code----Generation----[单表模型:storage]------- 生成中。。。
[INFO][2015-06-01 21:02:23,599][org.jeecgframework.codegenerate.generate.CodeGenerate]----jeecg----Code----Generation-----[单表模型：storage]------ 生成完成。。。
[INFO][2015-06-01 21:04:10,679][org.jeecgframework.codegenerate.generate.CodeGenerate]----jeecg---Code----Generation----[单表模型:office]------- 生成中。。。
[INFO][2015-06-01 21:04:12,046][org.jeecgframework.codegenerate.generate.CodeGenerate]----jeecg----Code----Generation-----[单表模型：office]------ 生成完成。。。
[INFO][2015-06-01 21:09:35,000][org.jeecgframework.codegenerate.generate.CodeGenerate]----jeecg---Code----Generation----[单表模型:office]------- 生成中。。。
[INFO][2015-06-01 21:09:36,293][org.jeecgframework.codegenerate.generate.CodeGenerate]----jeecg----Code----Generation-----[单表模型：office]------ 生成完成。。。
[INFO][2015-06-02 07:43:29,858][org.jeecgframework.codegenerate.generate.CodeGenerate]----jeecg---Code----Generation----[单表模型:busstype]------- 生成中。。。
[INFO][2015-06-02 07:43:31,574][org.jeecgframework.codegenerate.generate.CodeGenerate]----jeecg----Code----Generation-----[单表模型：busstype]------ 生成完成。。。
[INFO][2015-06-03 11:03:51,301][org.jeecgframework.codegenerate.generate.CodeGenerate]----jeecg---Code----Generation----[单表模型:cust]------- 生成中。。。
[INFO][2015-06-03 11:03:53,707][org.jeecgframework.codegenerate.generate.CodeGenerate]----jeecg----Code----Generation-----[单表模型：cust]------ 生成完成。。。
[INFO][2015-06-05 16:46:27,471][org.jeecgframework.codegenerate.generate.CodeGenerate]----jeecg---Code----Generation----[单表模型:channel]------- 生成中。。。
[INFO][2015-06-05 16:46:29,688][org.jeecgframework.codegenerate.generate.CodeGenerate]----jeecg----Code----Generation-----[单表模型：channel]------ 生成完成。。。
[INFO][2015-06-05 20:37:02,912][org.jeecgframework.codegenerate.generate.CodeGenerate]----jeecg---Code----Generation----[单表模型:terminal]------- 生成中。。。
[INFO][2015-06-05 20:37:04,519][org.jeecgframework.codegenerate.generate.CodeGenerate]----jeecg----Code----Generation-----[单表模型：terminal]------ 生成完成。。。
[INFO][2015-06-05 20:45:43,713][org.jeecgframework.codegenerate.generate.CodeGenerate]----jeecg---Code----Generation----[单表模型:terminal]------- 生成中。。。
[INFO][2015-06-05 20:45:45,023][org.jeecgframework.codegenerate.generate.CodeGenerate]----jeecg----Code----Generation-----[单表模型：terminal]------ 生成完成。。。
[INFO][2015-06-05 21:27:22,903][org.jeecgframework.codegenerate.generate.CodeGenerate]----jeecg---Code----Generation----[单表模型:bussproduct]------- 生成中。。。
[INFO][2015-06-05 21:27:24,291][org.jeecgframework.codegenerate.generate.CodeGenerate]----jeecg----Code----Generation-----[单表模型：bussproduct]------ 生成完成。。。
[INFO][2015-06-05 21:59:24,970][org.jeecgframework.codegenerate.generate.CodeGenerate]----jeecg---Code----Generation----[单表模型:busstype]------- 生成中。。。
[INFO][2015-06-05 21:59:26,296][org.jeecgframework.codegenerate.generate.CodeGenerate]----jeecg----Code----Generation-----[单表模型：busstype]------ 生成完成。。。
[INFO][2015-06-06 10:38:37,785][org.jeecgframework.codegenerate.generate.CodeGenerate]----jeecg---Code----Generation----[单表模型:busstype]------- 生成中。。。
[INFO][2015-06-06 10:38:39,166][org.jeecgframework.codegenerate.generate.CodeGenerate]----jeecg----Code----Generation-----[单表模型：busstype]------ 生成完成。。。
[INFO][2015-06-06 11:32:32,249][org.jeecgframework.codegenerate.generate.CodeGenerate]----jeecg---Code----Generation----[单表模型:busstype]------- 生成中。。。
[INFO][2015-06-06 11:32:33,871][org.jeecgframework.codegenerate.generate.CodeGenerate]----jeecg----Code----Generation-----[单表模型：busstype]------ 生成完成。。。
[INFO][2015-06-06 16:31:43,694][org.jeecgframework.codegenerate.generate.onetomany.CodeGenerateOneToMany]----jeecg----Code-----Generation-----[一对多数据模型：office]------- 生成中。。。
[INFO][2015-06-06 16:31:43,772][org.jeecgframework.codegenerate.generate.CodeGenerate]----jeecg---Code----Generation----[单表模型:office_channel]------- 生成中。。。
[INFO][2015-06-06 16:32:23,240][org.jeecgframework.codegenerate.generate.onetomany.CodeGenerateOneToMany]----jeecg----Code-----Generation-----[一对多数据模型：office]------- 生成中。。。
[INFO][2015-06-06 16:32:23,255][org.jeecgframework.codegenerate.generate.CodeGenerate]----jeecg---Code----Generation----[单表模型:office_channel]------- 生成中。。。
[INFO][2015-06-06 16:33:18,885][org.jeecgframework.codegenerate.generate.onetomany.CodeGenerateOneToMany]----jeecg----Code-----Generation-----[一对多数据模型：office]------- 生成中。。。
[INFO][2015-06-06 16:33:18,901][org.jeecgframework.codegenerate.generate.CodeGenerate]----jeecg---Code----Generation----[单表模型:office_channel]------- 生成中。。。
[INFO][2015-06-06 16:33:20,117][org.jeecgframework.codegenerate.generate.CodeGenerate]----jeecg----Code----Generation-----[单表模型：office_channel]------ 生成完成。。。
[INFO][2015-06-06 16:36:00,519][org.jeecgframework.codegenerate.generate.onetomany.CodeGenerateOneToMany]----jeecg----Code-----Generation-----[一对多数据模型：jeecg_order_main]------- 生成中。。。
[INFO][2015-06-06 16:36:00,534][org.jeecgframework.codegenerate.generate.CodeGenerate]----jeecg---Code----Generation----[单表模型:jeecg_order_custom]------- 生成中。。。
[INFO][2015-06-06 16:36:01,470][org.jeecgframework.codegenerate.generate.CodeGenerate]----jeecg----Code----Generation-----[单表模型：jeecg_order_custom]------ 生成完成。。。
[INFO][2015-06-06 16:36:01,470][org.jeecgframework.codegenerate.generate.CodeGenerate]----jeecg---Code----Generation----[单表模型:jeecg_order_product]------- 生成中。。。
[INFO][2015-06-06 16:36:01,705][org.jeecgframework.codegenerate.generate.CodeGenerate]----jeecg----Code----Generation-----[单表模型：jeecg_order_product]------ 生成完成。。。
[INFO][2015-06-06 16:36:03,125][org.jeecgframework.codegenerate.generate.onetomany.CodeGenerateOneToMany]----jeecg----Code----Generation------[一对多数据模型：jeecg_order_main]------ 生成完成。。。
[INFO][2015-06-06 16:43:30,832][org.jeecgframework.codegenerate.generate.onetomany.CodeGenerateOneToMany]----jeecg----Code-----Generation-----[一对多数据模型：office]------- 生成中。。。
[INFO][2015-06-06 16:43:30,848][org.jeecgframework.codegenerate.generate.CodeGenerate]----jeecg---Code----Generation----[单表模型:office_channel]------- 生成中。。。
[INFO][2015-06-06 16:43:31,878][org.jeecgframework.codegenerate.generate.CodeGenerate]----jeecg----Code----Generation-----[单表模型：office_channel]------ 生成完成。。。
[INFO][2015-06-06 16:44:01,520][org.jeecgframework.codegenerate.generate.onetomany.CodeGenerateOneToMany]----jeecg----Code-----Generation-----[一对多数据模型：office]------- 生成中。。。
[INFO][2015-06-06 16:44:01,535][org.jeecgframework.codegenerate.generate.CodeGenerate]----jeecg---Code----Generation----[单表模型:office_channel]------- 生成中。。。
[INFO][2015-06-06 16:44:02,409][org.jeecgframework.codegenerate.generate.CodeGenerate]----jeecg----Code----Generation-----[单表模型：office_channel]------ 生成完成。。。
[INFO][2015-06-06 16:44:40,507][org.jeecgframework.codegenerate.generate.onetomany.CodeGenerateOneToMany]----jeecg----Code-----Generation-----[一对多数据模型：office]------- 生成中。。。
[INFO][2015-06-06 16:44:40,523][org.jeecgframework.codegenerate.generate.CodeGenerate]----jeecg---Code----Generation----[单表模型:office_channel]------- 生成中。。。
[INFO][2015-06-06 16:44:41,412][org.jeecgframework.codegenerate.generate.CodeGenerate]----jeecg----Code----Generation-----[单表模型：office_channel]------ 生成完成。。。
[INFO][2015-06-06 16:45:02,864][org.jeecgframework.codegenerate.generate.onetomany.CodeGenerateOneToMany]----jeecg----Code-----Generation-----[一对多数据模型：office]------- 生成中。。。
[INFO][2015-06-06 16:45:02,864][org.jeecgframework.codegenerate.generate.CodeGenerate]----jeecg---Code----Generation----[单表模型:office_channel]------- 生成中。。。
[INFO][2015-06-06 16:45:03,831][org.jeecgframework.codegenerate.generate.CodeGenerate]----jeecg----Code----Generation-----[单表模型：office_channel]------ 生成完成。。。
[INFO][2015-06-06 16:45:11,836][org.jeecgframework.codegenerate.generate.onetomany.CodeGenerateOneToMany]----jeecg----Code-----Generation-----[一对多数据模型：office]------- 生成中。。。
[INFO][2015-06-06 16:46:16,654][org.jeecgframework.codegenerate.generate.onetomany.CodeGenerateOneToMany]----jeecg----Code-----Generation-----[一对多数据模型：office]------- 生成中。。。
[INFO][2015-06-06 16:46:16,718][org.jeecgframework.codegenerate.generate.CodeGenerate]----jeecg---Code----Generation----[单表模型:office_channel]------- 生成中。。。
[INFO][2015-06-06 16:46:54,766][org.jeecgframework.codegenerate.generate.onetomany.CodeGenerateOneToMany]----jeecg----Code-----Generation-----[一对多数据模型：office]------- 生成中。。。
[INFO][2015-06-06 16:46:54,766][org.jeecgframework.codegenerate.generate.CodeGenerate]----jeecg---Code----Generation----[单表模型:office_channel]------- 生成中。。。
[INFO][2015-06-06 16:46:55,671][org.jeecgframework.codegenerate.generate.CodeGenerate]----jeecg----Code----Generation-----[单表模型：office_channel]------ 生成完成。。。
[INFO][2015-06-06 16:50:45,180][org.jeecgframework.codegenerate.generate.onetomany.CodeGenerateOneToMany]----jeecg----Code-----Generation-----[一对多数据模型：office]------- 生成中。。。
[INFO][2015-06-06 16:50:45,196][org.jeecgframework.codegenerate.generate.CodeGenerate]----jeecg---Code----Generation----[单表模型:office_channel]------- 生成中。。。
[INFO][2015-06-06 16:50:46,070][org.jeecgframework.codegenerate.generate.CodeGenerate]----jeecg----Code----Generation-----[单表模型：office_channel]------ 生成完成。。。
[INFO][2015-06-06 16:50:46,975][org.jeecgframework.codegenerate.generate.onetomany.CodeGenerateOneToMany]----jeecg----Code----Generation------[一对多数据模型：office]------ 生成完成。。。
[INFO][2015-06-06 16:51:29,346][org.jeecgframework.codegenerate.generate.onetomany.CodeGenerateOneToMany]----jeecg----Code-----Generation-----[一对多数据模型：office]------- 生成中。。。
[INFO][2015-06-06 16:51:29,362][org.jeecgframework.codegenerate.generate.CodeGenerate]----jeecg---Code----Generation----[单表模型:office_channel]------- 生成中。。。
[INFO][2015-06-06 16:51:30,235][org.jeecgframework.codegenerate.generate.CodeGenerate]----jeecg----Code----Generation-----[单表模型：office_channel]------ 生成完成。。。
[INFO][2015-06-06 16:51:31,157][org.jeecgframework.codegenerate.generate.onetomany.CodeGenerateOneToMany]----jeecg----Code----Generation------[一对多数据模型：office]------ 生成完成。。。
[INFO][2015-06-06 16:53:58,874][org.jeecgframework.codegenerate.generate.onetomany.CodeGenerateOneToMany]----jeecg----Code-----Generation-----[一对多数据模型：office]------- 生成中。。。
[INFO][2015-06-06 16:53:58,890][org.jeecgframework.codegenerate.generate.CodeGenerate]----jeecg---Code----Generation----[单表模型:office_channel]------- 生成中。。。
[INFO][2015-06-06 16:53:59,732][org.jeecgframework.codegenerate.generate.CodeGenerate]----jeecg----Code----Generation-----[单表模型：office_channel]------ 生成完成。。。
[INFO][2015-06-06 16:54:24,663][org.jeecgframework.codegenerate.generate.onetomany.CodeGenerateOneToMany]----jeecg----Code-----Generation-----[一对多数据模型：office]------- 生成中。。。
[INFO][2015-06-06 16:54:24,663][org.jeecgframework.codegenerate.generate.CodeGenerate]----jeecg---Code----Generation----[单表模型:office_channel]------- 生成中。。。
[INFO][2015-06-06 16:54:25,537][org.jeecgframework.codegenerate.generate.CodeGenerate]----jeecg----Code----Generation-----[单表模型：office_channel]------ 生成完成。。。
[INFO][2015-06-06 16:54:26,458][org.jeecgframework.codegenerate.generate.onetomany.CodeGenerateOneToMany]----jeecg----Code----Generation------[一对多数据模型：office]------ 生成完成。。。
[INFO][2015-06-06 16:56:48,373][org.jeecgframework.codegenerate.generate.onetomany.CodeGenerateOneToMany]----jeecg----Code-----Generation-----[一对多数据模型：office]------- 生成中。。。
[INFO][2015-06-06 16:56:48,388][org.jeecgframework.codegenerate.generate.CodeGenerate]----jeecg---Code----Generation----[单表模型:office_channel]------- 生成中。。。
[INFO][2015-06-06 16:56:49,246][org.jeecgframework.codegenerate.generate.CodeGenerate]----jeecg----Code----Generation-----[单表模型：office_channel]------ 生成完成。。。
[INFO][2015-06-06 16:56:50,136][org.jeecgframework.codegenerate.generate.onetomany.CodeGenerateOneToMany]----jeecg----Code----Generation------[一对多数据模型：office]------ 生成完成。。。
[INFO][2015-06-07 14:25:30,171][org.jeecgframework.codegenerate.generate.onetomany.CodeGenerateOneToMany]----jeecg----Code-----Generation-----[一对多数据模型：office]------- 生成中。。。
[INFO][2015-06-07 14:25:30,218][org.jeecgframework.codegenerate.generate.CodeGenerate]----jeecg---Code----Generation----[单表模型:office_channel]------- 生成中。。。
[INFO][2015-06-07 14:25:31,996][org.jeecgframework.codegenerate.generate.CodeGenerate]----jeecg----Code----Generation-----[单表模型：office_channel]------ 生成完成。。。
[INFO][2015-06-07 14:25:33,058][org.jeecgframework.codegenerate.generate.onetomany.CodeGenerateOneToMany]----jeecg----Code----Generation------[一对多数据模型：office]------ 生成完成。。。
[INFO][2015-06-07 14:27:29,699][org.jeecgframework.codegenerate.generate.onetomany.CodeGenerateOneToMany]----jeecg----Code-----Generation-----[一对多数据模型：office]------- 生成中。。。
[INFO][2015-06-07 14:27:29,714][org.jeecgframework.codegenerate.generate.CodeGenerate]----jeecg---Code----Generation----[单表模型:office_channel]------- 生成中。。。
[INFO][2015-06-07 14:27:30,791][org.jeecgframework.codegenerate.generate.CodeGenerate]----jeecg----Code----Generation-----[单表模型：office_channel]------ 生成完成。。。
[INFO][2015-06-07 14:27:31,712][org.jeecgframework.codegenerate.generate.onetomany.CodeGenerateOneToMany]----jeecg----Code----Generation------[一对多数据模型：office]------ 生成完成。。。
[INFO][2015-06-07 14:29:10,558][org.jeecgframework.codegenerate.generate.onetomany.CodeGenerateOneToMany]----jeecg----Code-----Generation-----[一对多数据模型：office]------- 生成中。。。
[INFO][2015-06-07 14:29:10,574][org.jeecgframework.codegenerate.generate.CodeGenerate]----jeecg---Code----Generation----[单表模型:office_channel]------- 生成中。。。
[INFO][2015-06-07 14:29:11,619][org.jeecgframework.codegenerate.generate.CodeGenerate]----jeecg----Code----Generation-----[单表模型：office_channel]------ 生成完成。。。
[INFO][2015-06-07 14:29:12,540][org.jeecgframework.codegenerate.generate.onetomany.CodeGenerateOneToMany]----jeecg----Code----Generation------[一对多数据模型：office]------ 生成完成。。。
[INFO][2015-06-07 14:50:39,125][org.jeecgframework.codegenerate.generate.onetomany.CodeGenerateOneToMany]----jeecg----Code-----Generation-----[一对多数据模型：jeecg_order_main]------- 生成中。。。
[INFO][2015-06-07 14:50:39,141][org.jeecgframework.codegenerate.generate.CodeGenerate]----jeecg---Code----Generation----[单表模型:jeecg_order_custom]------- 生成中。。。
[INFO][2015-06-07 14:50:40,264][org.jeecgframework.codegenerate.generate.CodeGenerate]----jeecg----Code----Generation-----[单表模型：jeecg_order_custom]------ 生成完成。。。
[INFO][2015-06-07 14:50:40,264][org.jeecgframework.codegenerate.generate.CodeGenerate]----jeecg---Code----Generation----[单表模型:jeecg_order_product]------- 生成中。。。
[INFO][2015-06-07 14:50:40,452][org.jeecgframework.codegenerate.generate.CodeGenerate]----jeecg----Code----Generation-----[单表模型：jeecg_order_product]------ 生成完成。。。
[INFO][2015-06-07 14:50:41,685][org.jeecgframework.codegenerate.generate.onetomany.CodeGenerateOneToMany]----jeecg----Code----Generation------[一对多数据模型：jeecg_order_main]------ 生成完成。。。
[INFO][2015-06-07 14:54:31,359][org.jeecgframework.codegenerate.generate.onetomany.CodeGenerateOneToMany]----jeecg----Code-----Generation-----[一对多数据模型：office]------- 生成中。。。
[INFO][2015-06-07 14:54:31,375][org.jeecgframework.codegenerate.generate.CodeGenerate]----jeecg---Code----Generation----[单表模型:office_channel]------- 生成中。。。
[INFO][2015-06-07 14:54:32,373][org.jeecgframework.codegenerate.generate.CodeGenerate]----jeecg----Code----Generation-----[单表模型：office_channel]------ 生成完成。。。
[INFO][2015-06-07 14:54:33,295][org.jeecgframework.codegenerate.generate.onetomany.CodeGenerateOneToMany]----jeecg----Code----Generation------[一对多数据模型：office]------ 生成完成。。。
[INFO][2015-06-08 19:33:32,965][org.jeecgframework.codegenerate.generate.CodeGenerate]----jeecg---Code----Generation----[单表模型:t_s_busstype]------- 生成中。。。
[INFO][2015-06-08 19:33:34,431][org.jeecgframework.codegenerate.generate.CodeGenerate]----jeecg----Code----Generation-----[单表模型：t_s_busstype]------ 生成完成。。。
[INFO][2015-06-08 19:36:42,695][org.jeecgframework.codegenerate.generate.CodeGenerate]----jeecg---Code----Generation----[单表模型:busstype]------- 生成中。。。
[INFO][2015-06-08 19:36:43,849][org.jeecgframework.codegenerate.generate.CodeGenerate]----jeecg----Code----Generation-----[单表模型：busstype]------ 生成完成。。。
[INFO][2015-06-08 19:42:14,027][org.jeecgframework.codegenerate.generate.CodeGenerate]----jeecg---Code----Generation----[单表模型:busstype]------- 生成中。。。
[INFO][2015-06-08 19:42:15,181][org.jeecgframework.codegenerate.generate.CodeGenerate]----jeecg----Code----Generation-----[单表模型：busstype]------ 生成完成。。。
[INFO][2015-06-09 21:31:58,716][org.jeecgframework.codegenerate.generate.CodeGenerate]----jeecg---Code----Generation----[单表模型:WARN_CENTER]------- 生成中。。。
[INFO][2015-06-09 21:32:00,557][org.jeecgframework.codegenerate.generate.CodeGenerate]----jeecg----Code----Generation-----[单表模型：WARN_CENTER]------ 生成完成。。。
[INFO][2015-06-09 21:32:00,557][org.jeecgframework.codegenerate.generate.CodeGenerate]----jeecg---Code----Generation----[单表模型:WARN_CENTER]------- 生成中。。。
[INFO][2015-06-09 21:32:01,276][org.jeecgframework.codegenerate.generate.CodeGenerate]----jeecg----Code----Generation-----[单表模型：WARN_CENTER]------ 生成完成。。。
[INFO][2015-06-09 21:45:22,395][org.jeecgframework.codegenerate.generate.CodeGenerate]----jeecg---Code----Generation----[单表模型:warn_center]------- 生成中。。。
[INFO][2015-06-09 21:45:23,550][org.jeecgframework.codegenerate.generate.CodeGenerate]----jeecg----Code----Generation-----[单表模型：warn_center]------ 生成完成。。。
[INFO][2015-06-22 22:34:47,717][org.jeecgframework.codegenerate.generate.CodeGenerate]----jeecg---Code----Generation----[单表模型:bill_product]------- 生成中。。。
[INFO][2015-06-22 22:34:49,793][org.jeecgframework.codegenerate.generate.CodeGenerate]----jeecg----Code----Generation-----[单表模型：bill_product]------ 生成完成。。。
[INFO][2015-07-10 17:28:38,991][org.jeecgframework.codegenerate.generate.CodeGenerate]----jeecg---Code----Generation----[单表模型:T_S_USER_DATAPERMIT]------- 生成中。。。
[INFO][2015-07-10 17:28:41,303][org.jeecgframework.codegenerate.generate.CodeGenerate]----jeecg----Code----Generation-----[单表模型：T_S_USER_DATAPERMIT]------ 生成完成。。。
[INFO][2015-07-11 16:27:11,291][org.jeecgframework.codegenerate.generate.CodeGenerate]----jeecg---Code----Generation----[单表模型:bill_detail]------- 生成中。。。
[INFO][2015-07-11 16:27:14,354][org.jeecgframework.codegenerate.generate.CodeGenerate]----jeecg----Code----Generation-----[单表模型：bill_detail]------ 生成完成。。。
[INFO][2015-07-13 22:05:51,802][org.jeecgframework.codegenerate.generate.CodeGenerate]----jeecg---Code----Generation----[单表模型:channel]------- 生成中。。。
[INFO][2015-07-13 22:05:54,703][org.jeecgframework.codegenerate.generate.CodeGenerate]----jeecg----Code----Generation-----[单表模型：channel]------ 生成完成。。。
[INFO][2015-07-18 08:15:13,518][org.jeecgframework.codegenerate.generate.onetomany.CodeGenerateOneToMany]----jeecg----Code-----Generation-----[一对多数据模型：office]------- 生成中。。。
[INFO][2015-07-18 08:15:13,552][org.jeecgframework.codegenerate.generate.CodeGenerate]----jeecg---Code----Generation----[单表模型:office_channel]------- 生成中。。。
[INFO][2015-07-18 08:15:16,268][org.jeecgframework.codegenerate.generate.CodeGenerate]----jeecg----Code----Generation-----[单表模型：office_channel]------ 生成完成。。。
[INFO][2015-07-18 08:20:11,279][org.jeecgframework.codegenerate.generate.onetomany.CodeGenerateOneToMany]----jeecg----Code-----Generation-----[一对多数据模型：t_s_base_user]------- 生成中。。。
[INFO][2015-07-18 08:20:11,298][org.jeecgframework.codegenerate.generate.CodeGenerate]----jeecg---Code----Generation----[单表模型:t_s_user_datapermit]------- 生成中。。。
[INFO][2015-07-18 08:20:12,588][org.jeecgframework.codegenerate.generate.CodeGenerate]----jeecg----Code----Generation-----[单表模型：t_s_user_datapermit]------ 生成完成。。。
[INFO][2015-07-18 08:20:13,986][org.jeecgframework.codegenerate.generate.onetomany.CodeGenerateOneToMany]----jeecg----Code----Generation------[一对多数据模型：t_s_base_user]------ 生成完成。。。
